2019-09-04 14:10:55.173 [info] <0.43.0> Application lager started on node nonode@nohost
2019-09-04 14:10:55.177 [info] <0.43.0> Application xmerl started on node nonode@nohost
2019-09-04 14:10:55.179 [info] <0.43.0> Application jsx started on node nonode@nohost
2019-09-04 14:10:55.183 [info] <0.43.0> Application ranch started on node nonode@nohost
2019-09-04 14:10:55.184 [info] <0.43.0> Application recon started on node nonode@nohost
2019-09-04 14:10:55.184 [info] <0.43.0> Application rabbit_common started on node nonode@nohost
2019-09-04 14:10:55.189 [info] <0.43.0> Application amqp_client started on node nonode@nohost
2019-09-04 14:10:55.190 [info] <0.43.0> Application amqp started on node nonode@nohost
2019-09-04 14:10:55.191 [info] <0.43.0> Application lapin started on node nonode@nohost
2019-09-04 14:11:09.621 [info] <0.43.0> Application lager started on node nonode@nohost
2019-09-04 14:11:09.626 [info] <0.43.0> Application xmerl started on node nonode@nohost
2019-09-04 14:11:09.628 [info] <0.43.0> Application jsx started on node nonode@nohost
2019-09-04 14:11:09.631 [info] <0.43.0> Application ranch started on node nonode@nohost
2019-09-04 14:11:09.632 [info] <0.43.0> Application recon started on node nonode@nohost
2019-09-04 14:11:09.632 [info] <0.43.0> Application rabbit_common started on node nonode@nohost
2019-09-04 14:11:09.637 [info] <0.43.0> Application amqp_client started on node nonode@nohost
2019-09-04 14:11:09.639 [info] <0.43.0> Application amqp started on node nonode@nohost
2019-09-04 14:11:09.639 [info] <0.43.0> Application lapin started on node nonode@nohost
2019-09-04 15:24:25.729 [info] <0.43.0> Application lager started on node nonode@nohost
2019-09-04 15:24:25.733 [info] <0.43.0> Application xmerl started on node nonode@nohost
2019-09-04 15:24:25.735 [info] <0.43.0> Application jsx started on node nonode@nohost
2019-09-04 15:24:25.739 [info] <0.43.0> Application ranch started on node nonode@nohost
2019-09-04 15:24:25.740 [info] <0.43.0> Application recon started on node nonode@nohost
2019-09-04 15:24:25.740 [info] <0.43.0> Application rabbit_common started on node nonode@nohost
2019-09-04 15:24:25.745 [info] <0.43.0> Application amqp_client started on node nonode@nohost
2019-09-04 15:24:25.747 [info] <0.43.0> Application amqp started on node nonode@nohost
2019-09-04 15:24:25.747 [info] <0.43.0> Application lapin started on node nonode@nohost
2019-09-04 15:26:16.531 [info] <0.43.0> Application lager started on node nonode@nohost
2019-09-04 15:26:16.535 [info] <0.43.0> Application xmerl started on node nonode@nohost
2019-09-04 15:26:16.537 [info] <0.43.0> Application jsx started on node nonode@nohost
2019-09-04 15:26:16.541 [info] <0.43.0> Application ranch started on node nonode@nohost
2019-09-04 15:26:16.542 [info] <0.43.0> Application recon started on node nonode@nohost
2019-09-04 15:26:16.542 [info] <0.43.0> Application rabbit_common started on node nonode@nohost
2019-09-04 15:26:16.547 [info] <0.43.0> Application amqp_client started on node nonode@nohost
2019-09-04 15:26:16.548 [info] <0.43.0> Application amqp started on node nonode@nohost
2019-09-04 15:26:16.549 [info] <0.43.0> Application lapin started on node nonode@nohost
2019-09-04 15:26:49.982 [info] <0.43.0> Application lager started on node nonode@nohost
2019-09-04 15:26:49.986 [info] <0.43.0> Application xmerl started on node nonode@nohost
2019-09-04 15:26:49.988 [info] <0.43.0> Application jsx started on node nonode@nohost
2019-09-04 15:26:49.992 [info] <0.43.0> Application ranch started on node nonode@nohost
2019-09-04 15:26:49.993 [info] <0.43.0> Application recon started on node nonode@nohost
2019-09-04 15:26:49.993 [info] <0.43.0> Application rabbit_common started on node nonode@nohost
2019-09-04 15:26:49.998 [info] <0.43.0> Application amqp_client started on node nonode@nohost
2019-09-04 15:26:49.999 [info] <0.43.0> Application amqp started on node nonode@nohost
2019-09-04 15:26:50.000 [info] <0.43.0> Application lapin started on node nonode@nohost
2019-09-04 15:41:47.639 [info] <0.43.0> Application lager started on node nonode@nohost
2019-09-04 15:41:47.644 [info] <0.43.0> Application xmerl started on node nonode@nohost
2019-09-04 15:41:47.646 [info] <0.43.0> Application jsx started on node nonode@nohost
2019-09-04 15:41:47.650 [info] <0.43.0> Application ranch started on node nonode@nohost
2019-09-04 15:41:47.651 [info] <0.43.0> Application recon started on node nonode@nohost
2019-09-04 15:41:47.651 [info] <0.43.0> Application rabbit_common started on node nonode@nohost
2019-09-04 15:41:47.656 [info] <0.43.0> Application amqp_client started on node nonode@nohost
2019-09-04 15:41:47.657 [info] <0.43.0> Application amqp started on node nonode@nohost
2019-09-04 15:41:47.657 [info] <0.43.0> Application lapin started on node nonode@nohost
2019-09-04 15:42:31.165 [info] <0.43.0> Application lager started on node nonode@nohost
2019-09-04 15:42:31.170 [info] <0.43.0> Application xmerl started on node nonode@nohost
2019-09-04 15:42:31.171 [info] <0.43.0> Application jsx started on node nonode@nohost
2019-09-04 15:42:31.175 [info] <0.43.0> Application ranch started on node nonode@nohost
2019-09-04 15:42:31.176 [info] <0.43.0> Application recon started on node nonode@nohost
2019-09-04 15:42:31.176 [info] <0.43.0> Application rabbit_common started on node nonode@nohost
2019-09-04 15:42:31.181 [info] <0.43.0> Application amqp_client started on node nonode@nohost
2019-09-04 15:42:31.182 [info] <0.43.0> Application amqp started on node nonode@nohost
2019-09-04 15:42:31.182 [info] <0.43.0> Application lapin started on node nonode@nohost
2019-09-04 15:43:16.051 [info] <0.43.0> Application lager started on node nonode@nohost
2019-09-04 15:43:16.056 [info] <0.43.0> Application xmerl started on node nonode@nohost
2019-09-04 15:43:16.058 [info] <0.43.0> Application jsx started on node nonode@nohost
2019-09-04 15:43:16.064 [info] <0.43.0> Application ranch started on node nonode@nohost
2019-09-04 15:43:16.065 [info] <0.43.0> Application recon started on node nonode@nohost
2019-09-04 15:43:16.065 [info] <0.43.0> Application rabbit_common started on node nonode@nohost
2019-09-04 15:43:16.071 [info] <0.43.0> Application amqp_client started on node nonode@nohost
2019-09-04 15:43:16.073 [info] <0.43.0> Application amqp started on node nonode@nohost
2019-09-04 15:43:16.073 [info] <0.43.0> Application lapin started on node nonode@nohost
2019-09-04 15:43:32.364 [info] <0.43.0> Application lager started on node nonode@nohost
2019-09-04 15:43:32.368 [info] <0.43.0> Application xmerl started on node nonode@nohost
2019-09-04 15:43:32.370 [info] <0.43.0> Application jsx started on node nonode@nohost
2019-09-04 15:43:32.374 [info] <0.43.0> Application ranch started on node nonode@nohost
2019-09-04 15:43:32.376 [info] <0.43.0> Application recon started on node nonode@nohost
2019-09-04 15:43:32.376 [info] <0.43.0> Application rabbit_common started on node nonode@nohost
2019-09-04 15:43:32.384 [info] <0.43.0> Application amqp_client started on node nonode@nohost
2019-09-04 15:43:32.386 [info] <0.43.0> Application amqp started on node nonode@nohost
2019-09-04 15:43:32.386 [info] <0.43.0> Application lapin started on node nonode@nohost
2019-09-04 15:44:07.591 [info] <0.43.0> Application lager started on node nonode@nohost
2019-09-04 15:44:07.595 [info] <0.43.0> Application xmerl started on node nonode@nohost
2019-09-04 15:44:07.597 [info] <0.43.0> Application jsx started on node nonode@nohost
2019-09-04 15:44:07.600 [info] <0.43.0> Application ranch started on node nonode@nohost
2019-09-04 15:44:07.601 [info] <0.43.0> Application recon started on node nonode@nohost
2019-09-04 15:44:07.601 [info] <0.43.0> Application rabbit_common started on node nonode@nohost
2019-09-04 15:44:07.606 [info] <0.43.0> Application amqp_client started on node nonode@nohost
2019-09-04 15:44:07.608 [info] <0.43.0> Application amqp started on node nonode@nohost
2019-09-04 15:44:07.608 [info] <0.43.0> Application lapin started on node nonode@nohost
2019-09-04 15:44:28.321 [info] <0.43.0> Application lager started on node nonode@nohost
2019-09-04 15:44:28.325 [info] <0.43.0> Application xmerl started on node nonode@nohost
2019-09-04 15:44:28.327 [info] <0.43.0> Application jsx started on node nonode@nohost
2019-09-04 15:44:28.331 [info] <0.43.0> Application ranch started on node nonode@nohost
2019-09-04 15:44:28.332 [info] <0.43.0> Application recon started on node nonode@nohost
2019-09-04 15:44:28.332 [info] <0.43.0> Application rabbit_common started on node nonode@nohost
2019-09-04 15:44:28.337 [info] <0.43.0> Application amqp_client started on node nonode@nohost
2019-09-04 15:44:28.338 [info] <0.43.0> Application amqp started on node nonode@nohost
2019-09-04 15:44:28.338 [info] <0.43.0> Application lapin started on node nonode@nohost
2019-09-04 15:45:21.840 [info] <0.43.0> Application lager started on node nonode@nohost
2019-09-04 15:45:21.845 [info] <0.43.0> Application xmerl started on node nonode@nohost
2019-09-04 15:45:21.846 [info] <0.43.0> Application jsx started on node nonode@nohost
2019-09-04 15:45:21.850 [info] <0.43.0> Application ranch started on node nonode@nohost
2019-09-04 15:45:21.851 [info] <0.43.0> Application recon started on node nonode@nohost
2019-09-04 15:45:21.851 [info] <0.43.0> Application rabbit_common started on node nonode@nohost
2019-09-04 15:45:21.856 [info] <0.43.0> Application amqp_client started on node nonode@nohost
2019-09-04 15:45:21.857 [info] <0.43.0> Application amqp started on node nonode@nohost
2019-09-04 15:45:21.857 [info] <0.43.0> Application lapin started on node nonode@nohost
2019-09-04 15:53:23.549 [info] <0.43.0> Application lager started on node nonode@nohost
2019-09-04 15:53:23.555 [info] <0.43.0> Application xmerl started on node nonode@nohost
2019-09-04 15:53:23.557 [info] <0.43.0> Application jsx started on node nonode@nohost
2019-09-04 15:53:23.562 [info] <0.43.0> Application ranch started on node nonode@nohost
2019-09-04 15:53:23.564 [info] <0.43.0> Application recon started on node nonode@nohost
2019-09-04 15:53:23.564 [info] <0.43.0> Application rabbit_common started on node nonode@nohost
2019-09-04 15:53:23.571 [info] <0.43.0> Application amqp_client started on node nonode@nohost
2019-09-04 15:53:23.573 [info] <0.43.0> Application amqp started on node nonode@nohost
2019-09-04 15:53:23.574 [info] <0.43.0> Application lapin started on node nonode@nohost
2019-09-04 15:53:28.787 [info] <0.43.0> Application lager started on node nonode@nohost
2019-09-04 15:53:28.792 [info] <0.43.0> Application xmerl started on node nonode@nohost
2019-09-04 15:53:28.793 [info] <0.43.0> Application jsx started on node nonode@nohost
2019-09-04 15:53:28.797 [info] <0.43.0> Application ranch started on node nonode@nohost
2019-09-04 15:53:28.798 [info] <0.43.0> Application recon started on node nonode@nohost
2019-09-04 15:53:28.798 [info] <0.43.0> Application rabbit_common started on node nonode@nohost
2019-09-04 15:53:28.804 [info] <0.43.0> Application amqp_client started on node nonode@nohost
2019-09-04 15:53:28.806 [info] <0.43.0> Application amqp started on node nonode@nohost
2019-09-04 15:53:28.806 [info] <0.43.0> Application lapin started on node nonode@nohost
2019-09-04 16:10:51.420 [info] <0.43.0> Application lager started on node nonode@nohost
2019-09-04 16:10:51.426 [info] <0.43.0> Application xmerl started on node nonode@nohost
2019-09-04 16:10:51.428 [info] <0.43.0> Application jsx started on node nonode@nohost
2019-09-04 16:10:51.432 [info] <0.43.0> Application ranch started on node nonode@nohost
2019-09-04 16:10:51.433 [info] <0.43.0> Application recon started on node nonode@nohost
2019-09-04 16:10:51.433 [info] <0.43.0> Application rabbit_common started on node nonode@nohost
2019-09-04 16:10:51.438 [info] <0.43.0> Application amqp_client started on node nonode@nohost
2019-09-04 16:10:51.441 [info] <0.43.0> Application amqp started on node nonode@nohost
2019-09-04 16:10:51.441 [info] <0.43.0> Application lapin started on node nonode@nohost
2019-09-04 16:10:56.883 [info] <0.43.0> Application lager started on node nonode@nohost
2019-09-04 16:10:56.888 [info] <0.43.0> Application xmerl started on node nonode@nohost
2019-09-04 16:10:56.890 [info] <0.43.0> Application jsx started on node nonode@nohost
2019-09-04 16:10:56.893 [info] <0.43.0> Application ranch started on node nonode@nohost
2019-09-04 16:10:56.894 [info] <0.43.0> Application recon started on node nonode@nohost
2019-09-04 16:10:56.894 [info] <0.43.0> Application rabbit_common started on node nonode@nohost
2019-09-04 16:10:56.900 [info] <0.43.0> Application amqp_client started on node nonode@nohost
2019-09-04 16:10:56.902 [info] <0.43.0> Application amqp started on node nonode@nohost
2019-09-04 16:10:56.902 [info] <0.43.0> Application lapin started on node nonode@nohost
2019-09-04 16:25:07.515 [info] <0.43.0> Application lager started on node nonode@nohost
2019-09-04 16:25:07.520 [info] <0.43.0> Application xmerl started on node nonode@nohost
2019-09-04 16:25:07.522 [info] <0.43.0> Application jsx started on node nonode@nohost
2019-09-04 16:25:07.526 [info] <0.43.0> Application ranch started on node nonode@nohost
2019-09-04 16:25:07.527 [info] <0.43.0> Application recon started on node nonode@nohost
2019-09-04 16:25:07.527 [info] <0.43.0> Application rabbit_common started on node nonode@nohost
2019-09-04 16:25:07.532 [info] <0.43.0> Application amqp_client started on node nonode@nohost
2019-09-04 16:25:07.535 [info] <0.43.0> Application amqp started on node nonode@nohost
2019-09-04 16:25:07.535 [info] <0.43.0> Application lapin started on node nonode@nohost
2019-09-04 16:33:13.010 [info] <0.43.0> Application lager started on node nonode@nohost
2019-09-04 16:33:13.015 [info] <0.43.0> Application xmerl started on node nonode@nohost
2019-09-04 16:33:13.017 [info] <0.43.0> Application jsx started on node nonode@nohost
2019-09-04 16:33:13.020 [info] <0.43.0> Application ranch started on node nonode@nohost
2019-09-04 16:33:13.021 [info] <0.43.0> Application recon started on node nonode@nohost
2019-09-04 16:33:13.021 [info] <0.43.0> Application rabbit_common started on node nonode@nohost
2019-09-04 16:33:13.026 [info] <0.43.0> Application amqp_client started on node nonode@nohost
2019-09-04 16:33:13.028 [info] <0.43.0> Application amqp started on node nonode@nohost
2019-09-04 16:33:13.028 [info] <0.43.0> Application lapin started on node nonode@nohost
2019-09-04 16:34:30.538 [info] <0.43.0> Application lager started on node nonode@nohost
2019-09-04 16:34:30.543 [info] <0.43.0> Application xmerl started on node nonode@nohost
2019-09-04 16:34:30.545 [info] <0.43.0> Application jsx started on node nonode@nohost
2019-09-04 16:34:30.549 [info] <0.43.0> Application ranch started on node nonode@nohost
2019-09-04 16:34:30.550 [info] <0.43.0> Application recon started on node nonode@nohost
2019-09-04 16:34:30.550 [info] <0.43.0> Application rabbit_common started on node nonode@nohost
2019-09-04 16:34:30.555 [info] <0.43.0> Application amqp_client started on node nonode@nohost
2019-09-04 16:34:30.559 [info] <0.43.0> Application amqp started on node nonode@nohost
2019-09-04 16:34:30.559 [info] <0.43.0> Application lapin started on node nonode@nohost
2019-09-04 16:35:20.844 [info] <0.43.0> Application lager started on node nonode@nohost
2019-09-04 16:35:20.849 [info] <0.43.0> Application xmerl started on node nonode@nohost
2019-09-04 16:35:20.851 [info] <0.43.0> Application jsx started on node nonode@nohost
2019-09-04 16:35:20.855 [info] <0.43.0> Application ranch started on node nonode@nohost
2019-09-04 16:35:20.856 [info] <0.43.0> Application recon started on node nonode@nohost
2019-09-04 16:35:20.856 [info] <0.43.0> Application rabbit_common started on node nonode@nohost
2019-09-04 16:35:20.861 [info] <0.43.0> Application amqp_client started on node nonode@nohost
2019-09-04 16:35:20.864 [info] <0.43.0> Application amqp started on node nonode@nohost
2019-09-04 16:35:20.865 [info] <0.43.0> Application lapin started on node nonode@nohost
2019-09-04 16:37:41.362 [info] <0.43.0> Application lager started on node nonode@nohost
2019-09-04 16:37:41.367 [info] <0.43.0> Application xmerl started on node nonode@nohost
2019-09-04 16:37:41.369 [info] <0.43.0> Application jsx started on node nonode@nohost
2019-09-04 16:37:41.373 [info] <0.43.0> Application ranch started on node nonode@nohost
2019-09-04 16:37:41.374 [info] <0.43.0> Application recon started on node nonode@nohost
2019-09-04 16:37:41.374 [info] <0.43.0> Application rabbit_common started on node nonode@nohost
2019-09-04 16:37:41.379 [info] <0.43.0> Application amqp_client started on node nonode@nohost
2019-09-04 16:37:41.380 [info] <0.43.0> Application amqp started on node nonode@nohost
2019-09-04 16:37:41.380 [info] <0.43.0> Application coniglio started on node nonode@nohost
