2019-09-05 10:11:42 =CRASH REPORT====
  crasher:
    initial call: Elixir.MessageProcessor:init/1
    pid: <0.245.0>
    registered_name: []
    exception error: {undef,[{error,channel,[],[]},{'Elixir.MessageProcessor',init,1,[{file,"lib/rabbitmq/message_processor.ex"},{line,12}]},{gen_server,init_it,2,[{file,"gen_server.erl"},{line,374}]},{gen_server,init_it,6,[{file,"gen_server.erl"},{line,342}]},{proc_lib,init_p_do_apply,3,[{file,"proc_lib.erl"},{line,249}]}]}
    ancestors: [<0.237.0>,<0.76.0>]
    message_queue_len: 0
    messages: []
    links: [<0.237.0>]
    dictionary: []
    trap_exit: false
    status: running
    heap_size: 610
    stack_size: 27
    reductions: 234
  neighbours:
    neighbour: [{pid,<0.237.0>},{registered_name,[]},{initial_call,{'Elixir.IEx.Evaluator',init,['Argument__1','Argument__2','Argument__3','Argument__4']}},{current_function,{code_server,call,1}},{ancestors,[<0.76.0>]},{message_queue_len,0},{links,[<0.245.0>]},{trap_exit,false},{status,waiting},{heap_size,6772},{stack_size,37},{reductions,4539},{current_stacktrace,[{code_server,call,1,[{file,"code_server.erl"},{line,139}]},{'Elixir.Code','ensure_loaded?',1,[{file,"lib/code.ex"},{line,1045}]},{'Elixir.Exception',blame,3,[{file,"lib/exception.ex"},{line,167}]},{'Elixir.IEx.Evaluator',print_error,3,[{file,"lib/iex/evaluator.ex"},{line,295}]},{'Elixir.IEx.Evaluator',eval,3,[{file,"lib/iex/evaluator.ex"},{line,218}]},{'Elixir.IEx.Evaluator',loop,1,[{file,"lib/iex/evaluator.ex"},{line,103}]},{'Elixir.IEx.Evaluator',init,4,[{file,"lib/iex/evaluator.ex"},{line,27}]},{proc_lib,init_p_do_apply,3,[{file,"proc_lib.erl"},{line,249}]}]}]
2019-09-05 10:35:41 =CRASH REPORT====
  crasher:
    initial call: rabbit_writer:enter_mainloop/2
    pid: <0.253.0>
    registered_name: []
    exception error: bad argument: [{rabbit_framing_amqp_0_9_1,encode_properties,1,[{file,"/Users/apellizz/development/coniglio/deps/rabbit_common/src/rabbit_framing_amqp_0_9_1.erl"},{line,1197}]},{rabbit_binary_generator,ensure_content_encoded,2,[{file,"/Users/apellizz/development/coniglio/deps/rabbit_common/src/rabbit_binary_generator.erl"},{line,190}]},{rabbit_binary_generator,build_simple_content_frames,4,[{file,"/Users/apellizz/development/coniglio/deps/rabbit_common/src/rabbit_binary_generator.erl"},{line,68}]},{rabbit_writer,assemble_frames,5,[{file,"/Users/apellizz/development/coniglio/deps/rabbit_common/src/rabbit_writer.erl"},{line,312}]},{rabbit_writer,internal_send_command_async,3,[{file,"/Users/apellizz/development/coniglio/deps/rabbit_common/src/rabbit_writer.erl"},{line,342}]},{rabbit_writer,handle_message,3,[{file,"/Users/apellizz/development/coniglio/deps/rabbit_common/src/rabbit_writer.erl"},{line,210}]},{rabbit_writer,mainloop1,2,[{file,"/Users/apellizz/development/coniglio/deps/rabbit_common/src/rabbit_writer.erl"},{line,194}]},{rabbit_writer,mainloop,2,[{file,"/Users/apellizz/development/coniglio/deps/rabbit_common/src/rabbit_writer.erl"},{line,185}]}]
    ancestors: [<0.250.0>,<0.244.0>,<0.240.0>,<0.239.0>,amqp_sup,<0.229.0>]
    message_queue_len: 0
    messages: []
    links: [<0.250.0>]
    dictionary: [{process_name,{rabbit_writer,{<<"client 127.0.0.1:58473 -> 127.0.0.1:5672">>,1}}}]
    trap_exit: false
    status: running
    heap_size: 2586
    stack_size: 27
    reductions: 451
  neighbours:
2019-09-05 10:35:41 =SUPERVISOR REPORT====
     Supervisor: {<0.250.0>,amqp_channel_sup}
     Context:    child_terminated
     Reason:     {badarg,[{rabbit_framing_amqp_0_9_1,encode_properties,1,[{file,"/Users/apellizz/development/coniglio/deps/rabbit_common/src/rabbit_framing_amqp_0_9_1.erl"},{line,1197}]},{rabbit_binary_generator,ensure_content_encoded,2,[{file,"/Users/apellizz/development/coniglio/deps/rabbit_common/src/rabbit_binary_generator.erl"},{line,190}]},{rabbit_binary_generator,build_simple_content_frames,4,[{file,"/Users/apellizz/development/coniglio/deps/rabbit_common/src/rabbit_binary_generator.erl"},{line,68}]},{rabbit_writer,assemble_frames,5,[{file,"/Users/apellizz/development/coniglio/deps/rabbit_common/src/rabbit_writer.erl"},{line,312}]},{rabbit_writer,internal_send_command_async,3,[{file,"/Users/apellizz/development/coniglio/deps/rabbit_common/src/rabbit_writer.erl"},{line,342}]},{rabbit_writer,handle_message,3,[{file,"/Users/apellizz/development/coniglio/deps/rabbit_common/src/rabbit_writer.erl"},{line,210}]},{rabbit_writer,mainloop1,2,[{file,"/Users/apellizz/development/coniglio/deps/rabbit_common/src/rabbit_writer.erl"},{line,194}]},{rabbit_writer,mainloop,2,[{file,"/Users/apellizz/development/coniglio/deps/rabbit_common/src/rabbit_writer.erl"},{line,185}]}]}
     Offender:   [{pid,<0.253.0>},{name,writer},{mfargs,{rabbit_writer,start_link,[#Port<0.6>,1,131072,rabbit_framing_amqp_0_9_1,<0.252.0>,{<<"client 127.0.0.1:58473 -> 127.0.0.1:5672">>,1}]}},{restart_type,transient},{shutdown,30000},{child_type,worker}]

2019-09-05 10:35:41 =SUPERVISOR REPORT====
     Supervisor: {<0.250.0>,amqp_channel_sup}
     Context:    shutdown
     Reason:     reached_max_restart_intensity
     Offender:   [{pid,<0.253.0>},{name,writer},{mfargs,{rabbit_writer,start_link,[#Port<0.6>,1,131072,rabbit_framing_amqp_0_9_1,<0.252.0>,{<<"client 127.0.0.1:58473 -> 127.0.0.1:5672">>,1}]}},{restart_type,transient},{shutdown,30000},{child_type,worker}]

2019-09-05 10:40:39 =CRASH REPORT====
  crasher:
    initial call: rabbit_writer:enter_mainloop/2
    pid: <0.255.0>
    registered_name: []
    exception error: bad argument: [{rabbit_framing_amqp_0_9_1,encode_properties,1,[{file,"/Users/apellizz/development/coniglio/deps/rabbit_common/src/rabbit_framing_amqp_0_9_1.erl"},{line,1197}]},{rabbit_binary_generator,ensure_content_encoded,2,[{file,"/Users/apellizz/development/coniglio/deps/rabbit_common/src/rabbit_binary_generator.erl"},{line,190}]},{rabbit_binary_generator,build_simple_content_frames,4,[{file,"/Users/apellizz/development/coniglio/deps/rabbit_common/src/rabbit_binary_generator.erl"},{line,68}]},{rabbit_writer,assemble_frames,5,[{file,"/Users/apellizz/development/coniglio/deps/rabbit_common/src/rabbit_writer.erl"},{line,312}]},{rabbit_writer,internal_send_command_async,3,[{file,"/Users/apellizz/development/coniglio/deps/rabbit_common/src/rabbit_writer.erl"},{line,342}]},{rabbit_writer,handle_message,3,[{file,"/Users/apellizz/development/coniglio/deps/rabbit_common/src/rabbit_writer.erl"},{line,210}]},{rabbit_writer,mainloop1,2,[{file,"/Users/apellizz/development/coniglio/deps/rabbit_common/src/rabbit_writer.erl"},{line,194}]},{rabbit_writer,mainloop,2,[{file,"/Users/apellizz/development/coniglio/deps/rabbit_common/src/rabbit_writer.erl"},{line,185}]}]
    ancestors: [<0.252.0>,<0.246.0>,<0.242.0>,<0.241.0>,amqp_sup,<0.230.0>]
    message_queue_len: 0
    messages: []
    links: [<0.252.0>]
    dictionary: [{process_name,{rabbit_writer,{<<"client 127.0.0.1:58538 -> 127.0.0.1:5672">>,1}}}]
    trap_exit: false
    status: running
    heap_size: 1598
    stack_size: 27
    reductions: 612
  neighbours:
2019-09-05 10:40:39 =SUPERVISOR REPORT====
     Supervisor: {<0.252.0>,amqp_channel_sup}
     Context:    child_terminated
     Reason:     {badarg,[{rabbit_framing_amqp_0_9_1,encode_properties,1,[{file,"/Users/apellizz/development/coniglio/deps/rabbit_common/src/rabbit_framing_amqp_0_9_1.erl"},{line,1197}]},{rabbit_binary_generator,ensure_content_encoded,2,[{file,"/Users/apellizz/development/coniglio/deps/rabbit_common/src/rabbit_binary_generator.erl"},{line,190}]},{rabbit_binary_generator,build_simple_content_frames,4,[{file,"/Users/apellizz/development/coniglio/deps/rabbit_common/src/rabbit_binary_generator.erl"},{line,68}]},{rabbit_writer,assemble_frames,5,[{file,"/Users/apellizz/development/coniglio/deps/rabbit_common/src/rabbit_writer.erl"},{line,312}]},{rabbit_writer,internal_send_command_async,3,[{file,"/Users/apellizz/development/coniglio/deps/rabbit_common/src/rabbit_writer.erl"},{line,342}]},{rabbit_writer,handle_message,3,[{file,"/Users/apellizz/development/coniglio/deps/rabbit_common/src/rabbit_writer.erl"},{line,210}]},{rabbit_writer,mainloop1,2,[{file,"/Users/apellizz/development/coniglio/deps/rabbit_common/src/rabbit_writer.erl"},{line,194}]},{rabbit_writer,mainloop,2,[{file,"/Users/apellizz/development/coniglio/deps/rabbit_common/src/rabbit_writer.erl"},{line,185}]}]}
     Offender:   [{pid,<0.255.0>},{name,writer},{mfargs,{rabbit_writer,start_link,[#Port<0.6>,1,131072,rabbit_framing_amqp_0_9_1,<0.254.0>,{<<"client 127.0.0.1:58538 -> 127.0.0.1:5672">>,1}]}},{restart_type,transient},{shutdown,30000},{child_type,worker}]

2019-09-05 10:40:39 =SUPERVISOR REPORT====
     Supervisor: {<0.252.0>,amqp_channel_sup}
     Context:    shutdown
     Reason:     reached_max_restart_intensity
     Offender:   [{pid,<0.255.0>},{name,writer},{mfargs,{rabbit_writer,start_link,[#Port<0.6>,1,131072,rabbit_framing_amqp_0_9_1,<0.254.0>,{<<"client 127.0.0.1:58538 -> 127.0.0.1:5672">>,1}]}},{restart_type,transient},{shutdown,30000},{child_type,worker}]

2019-09-05 10:41:36 =CRASH REPORT====
  crasher:
    initial call: rabbit_writer:enter_mainloop/2
    pid: <0.269.0>
    registered_name: []
    exception error: bad argument: [{rabbit_framing_amqp_0_9_1,encode_properties,1,[{file,"/Users/apellizz/development/coniglio/deps/rabbit_common/src/rabbit_framing_amqp_0_9_1.erl"},{line,1197}]},{rabbit_binary_generator,ensure_content_encoded,2,[{file,"/Users/apellizz/development/coniglio/deps/rabbit_common/src/rabbit_binary_generator.erl"},{line,190}]},{rabbit_binary_generator,build_simple_content_frames,4,[{file,"/Users/apellizz/development/coniglio/deps/rabbit_common/src/rabbit_binary_generator.erl"},{line,68}]},{rabbit_writer,assemble_frames,5,[{file,"/Users/apellizz/development/coniglio/deps/rabbit_common/src/rabbit_writer.erl"},{line,312}]},{rabbit_writer,internal_send_command_async,3,[{file,"/Users/apellizz/development/coniglio/deps/rabbit_common/src/rabbit_writer.erl"},{line,342}]},{rabbit_writer,handle_message,3,[{file,"/Users/apellizz/development/coniglio/deps/rabbit_common/src/rabbit_writer.erl"},{line,210}]},{rabbit_writer,mainloop1,2,[{file,"/Users/apellizz/development/coniglio/deps/rabbit_common/src/rabbit_writer.erl"},{line,194}]},{rabbit_writer,mainloop,2,[{file,"/Users/apellizz/development/coniglio/deps/rabbit_common/src/rabbit_writer.erl"},{line,185}]}]
    ancestors: [<0.266.0>,<0.260.0>,<0.258.0>,<0.257.0>,amqp_sup,<0.230.0>]
    message_queue_len: 0
    messages: []
    links: [<0.266.0>]
    dictionary: [{process_name,{rabbit_writer,{<<"client 127.0.0.1:58546 -> 127.0.0.1:5672">>,1}}}]
    trap_exit: false
    status: running
    heap_size: 2586
    stack_size: 27
    reductions: 599
  neighbours:
2019-09-05 10:41:36 =SUPERVISOR REPORT====
     Supervisor: {<0.266.0>,amqp_channel_sup}
     Context:    child_terminated
     Reason:     {badarg,[{rabbit_framing_amqp_0_9_1,encode_properties,1,[{file,"/Users/apellizz/development/coniglio/deps/rabbit_common/src/rabbit_framing_amqp_0_9_1.erl"},{line,1197}]},{rabbit_binary_generator,ensure_content_encoded,2,[{file,"/Users/apellizz/development/coniglio/deps/rabbit_common/src/rabbit_binary_generator.erl"},{line,190}]},{rabbit_binary_generator,build_simple_content_frames,4,[{file,"/Users/apellizz/development/coniglio/deps/rabbit_common/src/rabbit_binary_generator.erl"},{line,68}]},{rabbit_writer,assemble_frames,5,[{file,"/Users/apellizz/development/coniglio/deps/rabbit_common/src/rabbit_writer.erl"},{line,312}]},{rabbit_writer,internal_send_command_async,3,[{file,"/Users/apellizz/development/coniglio/deps/rabbit_common/src/rabbit_writer.erl"},{line,342}]},{rabbit_writer,handle_message,3,[{file,"/Users/apellizz/development/coniglio/deps/rabbit_common/src/rabbit_writer.erl"},{line,210}]},{rabbit_writer,mainloop1,2,[{file,"/Users/apellizz/development/coniglio/deps/rabbit_common/src/rabbit_writer.erl"},{line,194}]},{rabbit_writer,mainloop,2,[{file,"/Users/apellizz/development/coniglio/deps/rabbit_common/src/rabbit_writer.erl"},{line,185}]}]}
     Offender:   [{pid,<0.269.0>},{name,writer},{mfargs,{rabbit_writer,start_link,[#Port<0.7>,1,131072,rabbit_framing_amqp_0_9_1,<0.268.0>,{<<"client 127.0.0.1:58546 -> 127.0.0.1:5672">>,1}]}},{restart_type,transient},{shutdown,30000},{child_type,worker}]

2019-09-05 10:41:36 =SUPERVISOR REPORT====
     Supervisor: {<0.266.0>,amqp_channel_sup}
     Context:    shutdown
     Reason:     reached_max_restart_intensity
     Offender:   [{pid,<0.269.0>},{name,writer},{mfargs,{rabbit_writer,start_link,[#Port<0.7>,1,131072,rabbit_framing_amqp_0_9_1,<0.268.0>,{<<"client 127.0.0.1:58546 -> 127.0.0.1:5672">>,1}]}},{restart_type,transient},{shutdown,30000},{child_type,worker}]

2019-09-05 10:43:08 =CRASH REPORT====
  crasher:
    initial call: rabbit_writer:enter_mainloop/2
    pid: <0.255.0>
    registered_name: []
    exception error: bad argument: [{rabbit_framing_amqp_0_9_1,encode_properties,1,[{file,"/Users/apellizz/development/coniglio/deps/rabbit_common/src/rabbit_framing_amqp_0_9_1.erl"},{line,1197}]},{rabbit_binary_generator,ensure_content_encoded,2,[{file,"/Users/apellizz/development/coniglio/deps/rabbit_common/src/rabbit_binary_generator.erl"},{line,190}]},{rabbit_binary_generator,build_simple_content_frames,4,[{file,"/Users/apellizz/development/coniglio/deps/rabbit_common/src/rabbit_binary_generator.erl"},{line,68}]},{rabbit_writer,assemble_frames,5,[{file,"/Users/apellizz/development/coniglio/deps/rabbit_common/src/rabbit_writer.erl"},{line,312}]},{rabbit_writer,internal_send_command_async,3,[{file,"/Users/apellizz/development/coniglio/deps/rabbit_common/src/rabbit_writer.erl"},{line,342}]},{rabbit_writer,handle_message,3,[{file,"/Users/apellizz/development/coniglio/deps/rabbit_common/src/rabbit_writer.erl"},{line,210}]},{rabbit_writer,mainloop1,2,[{file,"/Users/apellizz/development/coniglio/deps/rabbit_common/src/rabbit_writer.erl"},{line,194}]},{rabbit_writer,mainloop,2,[{file,"/Users/apellizz/development/coniglio/deps/rabbit_common/src/rabbit_writer.erl"},{line,185}]}]
    ancestors: [<0.252.0>,<0.246.0>,<0.242.0>,<0.241.0>,amqp_sup,<0.230.0>]
    message_queue_len: 0
    messages: []
    links: [<0.252.0>]
    dictionary: [{process_name,{rabbit_writer,{<<"client 127.0.0.1:58552 -> 127.0.0.1:5672">>,1}}}]
    trap_exit: false
    status: running
    heap_size: 1598
    stack_size: 27
    reductions: 611
  neighbours:
2019-09-05 10:43:08 =SUPERVISOR REPORT====
     Supervisor: {<0.252.0>,amqp_channel_sup}
     Context:    child_terminated
     Reason:     {badarg,[{rabbit_framing_amqp_0_9_1,encode_properties,1,[{file,"/Users/apellizz/development/coniglio/deps/rabbit_common/src/rabbit_framing_amqp_0_9_1.erl"},{line,1197}]},{rabbit_binary_generator,ensure_content_encoded,2,[{file,"/Users/apellizz/development/coniglio/deps/rabbit_common/src/rabbit_binary_generator.erl"},{line,190}]},{rabbit_binary_generator,build_simple_content_frames,4,[{file,"/Users/apellizz/development/coniglio/deps/rabbit_common/src/rabbit_binary_generator.erl"},{line,68}]},{rabbit_writer,assemble_frames,5,[{file,"/Users/apellizz/development/coniglio/deps/rabbit_common/src/rabbit_writer.erl"},{line,312}]},{rabbit_writer,internal_send_command_async,3,[{file,"/Users/apellizz/development/coniglio/deps/rabbit_common/src/rabbit_writer.erl"},{line,342}]},{rabbit_writer,handle_message,3,[{file,"/Users/apellizz/development/coniglio/deps/rabbit_common/src/rabbit_writer.erl"},{line,210}]},{rabbit_writer,mainloop1,2,[{file,"/Users/apellizz/development/coniglio/deps/rabbit_common/src/rabbit_writer.erl"},{line,194}]},{rabbit_writer,mainloop,2,[{file,"/Users/apellizz/development/coniglio/deps/rabbit_common/src/rabbit_writer.erl"},{line,185}]}]}
     Offender:   [{pid,<0.255.0>},{name,writer},{mfargs,{rabbit_writer,start_link,[#Port<0.6>,1,131072,rabbit_framing_amqp_0_9_1,<0.254.0>,{<<"client 127.0.0.1:58552 -> 127.0.0.1:5672">>,1}]}},{restart_type,transient},{shutdown,30000},{child_type,worker}]

2019-09-05 10:43:08 =SUPERVISOR REPORT====
     Supervisor: {<0.252.0>,amqp_channel_sup}
     Context:    shutdown
     Reason:     reached_max_restart_intensity
     Offender:   [{pid,<0.255.0>},{name,writer},{mfargs,{rabbit_writer,start_link,[#Port<0.6>,1,131072,rabbit_framing_amqp_0_9_1,<0.254.0>,{<<"client 127.0.0.1:58552 -> 127.0.0.1:5672">>,1}]}},{restart_type,transient},{shutdown,30000},{child_type,worker}]

2019-09-05 10:43:42 =CRASH REPORT====
  crasher:
    initial call: rabbit_writer:enter_mainloop/2
    pid: <0.255.0>
    registered_name: []
    exception error: bad argument: [{rabbit_framing_amqp_0_9_1,encode_properties,1,[{file,"/Users/apellizz/development/coniglio/deps/rabbit_common/src/rabbit_framing_amqp_0_9_1.erl"},{line,1197}]},{rabbit_binary_generator,ensure_content_encoded,2,[{file,"/Users/apellizz/development/coniglio/deps/rabbit_common/src/rabbit_binary_generator.erl"},{line,190}]},{rabbit_binary_generator,build_simple_content_frames,4,[{file,"/Users/apellizz/development/coniglio/deps/rabbit_common/src/rabbit_binary_generator.erl"},{line,68}]},{rabbit_writer,assemble_frames,5,[{file,"/Users/apellizz/development/coniglio/deps/rabbit_common/src/rabbit_writer.erl"},{line,312}]},{rabbit_writer,internal_send_command_async,3,[{file,"/Users/apellizz/development/coniglio/deps/rabbit_common/src/rabbit_writer.erl"},{line,342}]},{rabbit_writer,handle_message,3,[{file,"/Users/apellizz/development/coniglio/deps/rabbit_common/src/rabbit_writer.erl"},{line,210}]},{rabbit_writer,mainloop1,2,[{file,"/Users/apellizz/development/coniglio/deps/rabbit_common/src/rabbit_writer.erl"},{line,194}]},{rabbit_writer,mainloop,2,[{file,"/Users/apellizz/development/coniglio/deps/rabbit_common/src/rabbit_writer.erl"},{line,185}]}]
    ancestors: [<0.252.0>,<0.246.0>,<0.242.0>,<0.241.0>,amqp_sup,<0.230.0>]
    message_queue_len: 0
    messages: []
    links: [<0.252.0>]
    dictionary: [{process_name,{rabbit_writer,{<<"client 127.0.0.1:58553 -> 127.0.0.1:5672">>,1}}}]
    trap_exit: false
    status: running
    heap_size: 1598
    stack_size: 27
    reductions: 611
  neighbours:
2019-09-05 10:43:42 =SUPERVISOR REPORT====
     Supervisor: {<0.252.0>,amqp_channel_sup}
     Context:    child_terminated
     Reason:     {badarg,[{rabbit_framing_amqp_0_9_1,encode_properties,1,[{file,"/Users/apellizz/development/coniglio/deps/rabbit_common/src/rabbit_framing_amqp_0_9_1.erl"},{line,1197}]},{rabbit_binary_generator,ensure_content_encoded,2,[{file,"/Users/apellizz/development/coniglio/deps/rabbit_common/src/rabbit_binary_generator.erl"},{line,190}]},{rabbit_binary_generator,build_simple_content_frames,4,[{file,"/Users/apellizz/development/coniglio/deps/rabbit_common/src/rabbit_binary_generator.erl"},{line,68}]},{rabbit_writer,assemble_frames,5,[{file,"/Users/apellizz/development/coniglio/deps/rabbit_common/src/rabbit_writer.erl"},{line,312}]},{rabbit_writer,internal_send_command_async,3,[{file,"/Users/apellizz/development/coniglio/deps/rabbit_common/src/rabbit_writer.erl"},{line,342}]},{rabbit_writer,handle_message,3,[{file,"/Users/apellizz/development/coniglio/deps/rabbit_common/src/rabbit_writer.erl"},{line,210}]},{rabbit_writer,mainloop1,2,[{file,"/Users/apellizz/development/coniglio/deps/rabbit_common/src/rabbit_writer.erl"},{line,194}]},{rabbit_writer,mainloop,2,[{file,"/Users/apellizz/development/coniglio/deps/rabbit_common/src/rabbit_writer.erl"},{line,185}]}]}
     Offender:   [{pid,<0.255.0>},{name,writer},{mfargs,{rabbit_writer,start_link,[#Port<0.6>,1,131072,rabbit_framing_amqp_0_9_1,<0.254.0>,{<<"client 127.0.0.1:58553 -> 127.0.0.1:5672">>,1}]}},{restart_type,transient},{shutdown,30000},{child_type,worker}]

2019-09-05 10:43:42 =SUPERVISOR REPORT====
     Supervisor: {<0.252.0>,amqp_channel_sup}
     Context:    shutdown
     Reason:     reached_max_restart_intensity
     Offender:   [{pid,<0.255.0>},{name,writer},{mfargs,{rabbit_writer,start_link,[#Port<0.6>,1,131072,rabbit_framing_amqp_0_9_1,<0.254.0>,{<<"client 127.0.0.1:58553 -> 127.0.0.1:5672">>,1}]}},{restart_type,transient},{shutdown,30000},{child_type,worker}]

2019-09-05 10:44:11 =CRASH REPORT====
  crasher:
    initial call: rabbit_writer:enter_mainloop/2
    pid: <0.255.0>
    registered_name: []
    exception error: bad argument: [{rabbit_framing_amqp_0_9_1,encode_properties,1,[{file,"/Users/apellizz/development/coniglio/deps/rabbit_common/src/rabbit_framing_amqp_0_9_1.erl"},{line,1197}]},{rabbit_binary_generator,ensure_content_encoded,2,[{file,"/Users/apellizz/development/coniglio/deps/rabbit_common/src/rabbit_binary_generator.erl"},{line,190}]},{rabbit_binary_generator,build_simple_content_frames,4,[{file,"/Users/apellizz/development/coniglio/deps/rabbit_common/src/rabbit_binary_generator.erl"},{line,68}]},{rabbit_writer,assemble_frames,5,[{file,"/Users/apellizz/development/coniglio/deps/rabbit_common/src/rabbit_writer.erl"},{line,312}]},{rabbit_writer,internal_send_command_async,3,[{file,"/Users/apellizz/development/coniglio/deps/rabbit_common/src/rabbit_writer.erl"},{line,342}]},{rabbit_writer,handle_message,3,[{file,"/Users/apellizz/development/coniglio/deps/rabbit_common/src/rabbit_writer.erl"},{line,210}]},{rabbit_writer,mainloop1,2,[{file,"/Users/apellizz/development/coniglio/deps/rabbit_common/src/rabbit_writer.erl"},{line,194}]},{rabbit_writer,mainloop,2,[{file,"/Users/apellizz/development/coniglio/deps/rabbit_common/src/rabbit_writer.erl"},{line,185}]}]
    ancestors: [<0.252.0>,<0.246.0>,<0.242.0>,<0.241.0>,amqp_sup,<0.230.0>]
    message_queue_len: 0
    messages: []
    links: [<0.252.0>]
    dictionary: [{process_name,{rabbit_writer,{<<"client 127.0.0.1:58559 -> 127.0.0.1:5672">>,1}}}]
    trap_exit: false
    status: running
    heap_size: 2586
    stack_size: 27
    reductions: 452
  neighbours:
2019-09-05 10:44:11 =SUPERVISOR REPORT====
     Supervisor: {<0.252.0>,amqp_channel_sup}
     Context:    child_terminated
     Reason:     {badarg,[{rabbit_framing_amqp_0_9_1,encode_properties,1,[{file,"/Users/apellizz/development/coniglio/deps/rabbit_common/src/rabbit_framing_amqp_0_9_1.erl"},{line,1197}]},{rabbit_binary_generator,ensure_content_encoded,2,[{file,"/Users/apellizz/development/coniglio/deps/rabbit_common/src/rabbit_binary_generator.erl"},{line,190}]},{rabbit_binary_generator,build_simple_content_frames,4,[{file,"/Users/apellizz/development/coniglio/deps/rabbit_common/src/rabbit_binary_generator.erl"},{line,68}]},{rabbit_writer,assemble_frames,5,[{file,"/Users/apellizz/development/coniglio/deps/rabbit_common/src/rabbit_writer.erl"},{line,312}]},{rabbit_writer,internal_send_command_async,3,[{file,"/Users/apellizz/development/coniglio/deps/rabbit_common/src/rabbit_writer.erl"},{line,342}]},{rabbit_writer,handle_message,3,[{file,"/Users/apellizz/development/coniglio/deps/rabbit_common/src/rabbit_writer.erl"},{line,210}]},{rabbit_writer,mainloop1,2,[{file,"/Users/apellizz/development/coniglio/deps/rabbit_common/src/rabbit_writer.erl"},{line,194}]},{rabbit_writer,mainloop,2,[{file,"/Users/apellizz/development/coniglio/deps/rabbit_common/src/rabbit_writer.erl"},{line,185}]}]}
     Offender:   [{pid,<0.255.0>},{name,writer},{mfargs,{rabbit_writer,start_link,[#Port<0.6>,1,131072,rabbit_framing_amqp_0_9_1,<0.254.0>,{<<"client 127.0.0.1:58559 -> 127.0.0.1:5672">>,1}]}},{restart_type,transient},{shutdown,30000},{child_type,worker}]

2019-09-05 10:44:11 =SUPERVISOR REPORT====
     Supervisor: {<0.252.0>,amqp_channel_sup}
     Context:    shutdown
     Reason:     reached_max_restart_intensity
     Offender:   [{pid,<0.255.0>},{name,writer},{mfargs,{rabbit_writer,start_link,[#Port<0.6>,1,131072,rabbit_framing_amqp_0_9_1,<0.254.0>,{<<"client 127.0.0.1:58559 -> 127.0.0.1:5672">>,1}]}},{restart_type,transient},{shutdown,30000},{child_type,worker}]

2019-09-05 10:48:32 =CRASH REPORT====
  crasher:
    initial call: rabbit_writer:enter_mainloop/2
    pid: <0.255.0>
    registered_name: []
    exception error: bad argument: [{rabbit_framing_amqp_0_9_1,encode_properties,1,[{file,"/Users/apellizz/development/coniglio/deps/rabbit_common/src/rabbit_framing_amqp_0_9_1.erl"},{line,1197}]},{rabbit_binary_generator,ensure_content_encoded,2,[{file,"/Users/apellizz/development/coniglio/deps/rabbit_common/src/rabbit_binary_generator.erl"},{line,190}]},{rabbit_binary_generator,build_simple_content_frames,4,[{file,"/Users/apellizz/development/coniglio/deps/rabbit_common/src/rabbit_binary_generator.erl"},{line,68}]},{rabbit_writer,assemble_frames,5,[{file,"/Users/apellizz/development/coniglio/deps/rabbit_common/src/rabbit_writer.erl"},{line,312}]},{rabbit_writer,internal_send_command_async,3,[{file,"/Users/apellizz/development/coniglio/deps/rabbit_common/src/rabbit_writer.erl"},{line,342}]},{rabbit_writer,handle_message,3,[{file,"/Users/apellizz/development/coniglio/deps/rabbit_common/src/rabbit_writer.erl"},{line,210}]},{rabbit_writer,mainloop1,2,[{file,"/Users/apellizz/development/coniglio/deps/rabbit_common/src/rabbit_writer.erl"},{line,194}]},{rabbit_writer,mainloop,2,[{file,"/Users/apellizz/development/coniglio/deps/rabbit_common/src/rabbit_writer.erl"},{line,185}]}]
    ancestors: [<0.252.0>,<0.246.0>,<0.242.0>,<0.241.0>,amqp_sup,<0.230.0>]
    message_queue_len: 0
    messages: []
    links: [<0.252.0>]
    dictionary: [{process_name,{rabbit_writer,{<<"client 127.0.0.1:58660 -> 127.0.0.1:5672">>,1}}}]
    trap_exit: false
    status: running
    heap_size: 2586
    stack_size: 27
    reductions: 445
  neighbours:
2019-09-05 10:48:32 =SUPERVISOR REPORT====
     Supervisor: {<0.252.0>,amqp_channel_sup}
     Context:    child_terminated
     Reason:     {badarg,[{rabbit_framing_amqp_0_9_1,encode_properties,1,[{file,"/Users/apellizz/development/coniglio/deps/rabbit_common/src/rabbit_framing_amqp_0_9_1.erl"},{line,1197}]},{rabbit_binary_generator,ensure_content_encoded,2,[{file,"/Users/apellizz/development/coniglio/deps/rabbit_common/src/rabbit_binary_generator.erl"},{line,190}]},{rabbit_binary_generator,build_simple_content_frames,4,[{file,"/Users/apellizz/development/coniglio/deps/rabbit_common/src/rabbit_binary_generator.erl"},{line,68}]},{rabbit_writer,assemble_frames,5,[{file,"/Users/apellizz/development/coniglio/deps/rabbit_common/src/rabbit_writer.erl"},{line,312}]},{rabbit_writer,internal_send_command_async,3,[{file,"/Users/apellizz/development/coniglio/deps/rabbit_common/src/rabbit_writer.erl"},{line,342}]},{rabbit_writer,handle_message,3,[{file,"/Users/apellizz/development/coniglio/deps/rabbit_common/src/rabbit_writer.erl"},{line,210}]},{rabbit_writer,mainloop1,2,[{file,"/Users/apellizz/development/coniglio/deps/rabbit_common/src/rabbit_writer.erl"},{line,194}]},{rabbit_writer,mainloop,2,[{file,"/Users/apellizz/development/coniglio/deps/rabbit_common/src/rabbit_writer.erl"},{line,185}]}]}
     Offender:   [{pid,<0.255.0>},{name,writer},{mfargs,{rabbit_writer,start_link,[#Port<0.6>,1,131072,rabbit_framing_amqp_0_9_1,<0.254.0>,{<<"client 127.0.0.1:58660 -> 127.0.0.1:5672">>,1}]}},{restart_type,transient},{shutdown,30000},{child_type,worker}]

2019-09-05 10:48:32 =SUPERVISOR REPORT====
     Supervisor: {<0.252.0>,amqp_channel_sup}
     Context:    shutdown
     Reason:     reached_max_restart_intensity
     Offender:   [{pid,<0.255.0>},{name,writer},{mfargs,{rabbit_writer,start_link,[#Port<0.6>,1,131072,rabbit_framing_amqp_0_9_1,<0.254.0>,{<<"client 127.0.0.1:58660 -> 127.0.0.1:5672">>,1}]}},{restart_type,transient},{shutdown,30000},{child_type,worker}]

2019-09-05 10:49:17 =CRASH REPORT====
  crasher:
    initial call: rabbit_writer:enter_mainloop/2
    pid: <0.255.0>
    registered_name: []
    exception error: bad argument: [{rabbit_framing_amqp_0_9_1,encode_properties,1,[{file,"/Users/apellizz/development/coniglio/deps/rabbit_common/src/rabbit_framing_amqp_0_9_1.erl"},{line,1197}]},{rabbit_binary_generator,ensure_content_encoded,2,[{file,"/Users/apellizz/development/coniglio/deps/rabbit_common/src/rabbit_binary_generator.erl"},{line,190}]},{rabbit_binary_generator,build_simple_content_frames,4,[{file,"/Users/apellizz/development/coniglio/deps/rabbit_common/src/rabbit_binary_generator.erl"},{line,68}]},{rabbit_writer,assemble_frames,5,[{file,"/Users/apellizz/development/coniglio/deps/rabbit_common/src/rabbit_writer.erl"},{line,312}]},{rabbit_writer,internal_send_command_async,3,[{file,"/Users/apellizz/development/coniglio/deps/rabbit_common/src/rabbit_writer.erl"},{line,342}]},{rabbit_writer,handle_message,3,[{file,"/Users/apellizz/development/coniglio/deps/rabbit_common/src/rabbit_writer.erl"},{line,210}]},{rabbit_writer,mainloop1,2,[{file,"/Users/apellizz/development/coniglio/deps/rabbit_common/src/rabbit_writer.erl"},{line,194}]},{rabbit_writer,mainloop,2,[{file,"/Users/apellizz/development/coniglio/deps/rabbit_common/src/rabbit_writer.erl"},{line,185}]}]
    ancestors: [<0.252.0>,<0.246.0>,<0.242.0>,<0.241.0>,amqp_sup,<0.230.0>]
    message_queue_len: 0
    messages: []
    links: [<0.252.0>]
    dictionary: [{process_name,{rabbit_writer,{<<"client 127.0.0.1:58668 -> 127.0.0.1:5672">>,1}}}]
    trap_exit: false
    status: running
    heap_size: 1598
    stack_size: 27
    reductions: 612
  neighbours:
2019-09-05 10:49:17 =SUPERVISOR REPORT====
     Supervisor: {<0.252.0>,amqp_channel_sup}
     Context:    child_terminated
     Reason:     {badarg,[{rabbit_framing_amqp_0_9_1,encode_properties,1,[{file,"/Users/apellizz/development/coniglio/deps/rabbit_common/src/rabbit_framing_amqp_0_9_1.erl"},{line,1197}]},{rabbit_binary_generator,ensure_content_encoded,2,[{file,"/Users/apellizz/development/coniglio/deps/rabbit_common/src/rabbit_binary_generator.erl"},{line,190}]},{rabbit_binary_generator,build_simple_content_frames,4,[{file,"/Users/apellizz/development/coniglio/deps/rabbit_common/src/rabbit_binary_generator.erl"},{line,68}]},{rabbit_writer,assemble_frames,5,[{file,"/Users/apellizz/development/coniglio/deps/rabbit_common/src/rabbit_writer.erl"},{line,312}]},{rabbit_writer,internal_send_command_async,3,[{file,"/Users/apellizz/development/coniglio/deps/rabbit_common/src/rabbit_writer.erl"},{line,342}]},{rabbit_writer,handle_message,3,[{file,"/Users/apellizz/development/coniglio/deps/rabbit_common/src/rabbit_writer.erl"},{line,210}]},{rabbit_writer,mainloop1,2,[{file,"/Users/apellizz/development/coniglio/deps/rabbit_common/src/rabbit_writer.erl"},{line,194}]},{rabbit_writer,mainloop,2,[{file,"/Users/apellizz/development/coniglio/deps/rabbit_common/src/rabbit_writer.erl"},{line,185}]}]}
     Offender:   [{pid,<0.255.0>},{name,writer},{mfargs,{rabbit_writer,start_link,[#Port<0.6>,1,131072,rabbit_framing_amqp_0_9_1,<0.254.0>,{<<"client 127.0.0.1:58668 -> 127.0.0.1:5672">>,1}]}},{restart_type,transient},{shutdown,30000},{child_type,worker}]

2019-09-05 10:49:17 =SUPERVISOR REPORT====
     Supervisor: {<0.252.0>,amqp_channel_sup}
     Context:    shutdown
     Reason:     reached_max_restart_intensity
     Offender:   [{pid,<0.255.0>},{name,writer},{mfargs,{rabbit_writer,start_link,[#Port<0.6>,1,131072,rabbit_framing_amqp_0_9_1,<0.254.0>,{<<"client 127.0.0.1:58668 -> 127.0.0.1:5672">>,1}]}},{restart_type,transient},{shutdown,30000},{child_type,worker}]

2019-09-05 10:49:39 =CRASH REPORT====
  crasher:
    initial call: rabbit_writer:enter_mainloop/2
    pid: <0.255.0>
    registered_name: []
    exception error: bad argument: [{rabbit_framing_amqp_0_9_1,encode_properties,1,[{file,"/Users/apellizz/development/coniglio/deps/rabbit_common/src/rabbit_framing_amqp_0_9_1.erl"},{line,1197}]},{rabbit_binary_generator,ensure_content_encoded,2,[{file,"/Users/apellizz/development/coniglio/deps/rabbit_common/src/rabbit_binary_generator.erl"},{line,190}]},{rabbit_binary_generator,build_simple_content_frames,4,[{file,"/Users/apellizz/development/coniglio/deps/rabbit_common/src/rabbit_binary_generator.erl"},{line,68}]},{rabbit_writer,assemble_frames,5,[{file,"/Users/apellizz/development/coniglio/deps/rabbit_common/src/rabbit_writer.erl"},{line,312}]},{rabbit_writer,internal_send_command_async,3,[{file,"/Users/apellizz/development/coniglio/deps/rabbit_common/src/rabbit_writer.erl"},{line,342}]},{rabbit_writer,handle_message,3,[{file,"/Users/apellizz/development/coniglio/deps/rabbit_common/src/rabbit_writer.erl"},{line,210}]},{rabbit_writer,mainloop1,2,[{file,"/Users/apellizz/development/coniglio/deps/rabbit_common/src/rabbit_writer.erl"},{line,194}]},{rabbit_writer,mainloop,2,[{file,"/Users/apellizz/development/coniglio/deps/rabbit_common/src/rabbit_writer.erl"},{line,185}]}]
    ancestors: [<0.252.0>,<0.246.0>,<0.242.0>,<0.241.0>,amqp_sup,<0.230.0>]
    message_queue_len: 0
    messages: []
    links: [<0.252.0>]
    dictionary: [{process_name,{rabbit_writer,{<<"client 127.0.0.1:58669 -> 127.0.0.1:5672">>,1}}}]
    trap_exit: false
    status: running
    heap_size: 2586
    stack_size: 27
    reductions: 445
  neighbours:
2019-09-05 10:49:39 =SUPERVISOR REPORT====
     Supervisor: {<0.252.0>,amqp_channel_sup}
     Context:    child_terminated
     Reason:     {badarg,[{rabbit_framing_amqp_0_9_1,encode_properties,1,[{file,"/Users/apellizz/development/coniglio/deps/rabbit_common/src/rabbit_framing_amqp_0_9_1.erl"},{line,1197}]},{rabbit_binary_generator,ensure_content_encoded,2,[{file,"/Users/apellizz/development/coniglio/deps/rabbit_common/src/rabbit_binary_generator.erl"},{line,190}]},{rabbit_binary_generator,build_simple_content_frames,4,[{file,"/Users/apellizz/development/coniglio/deps/rabbit_common/src/rabbit_binary_generator.erl"},{line,68}]},{rabbit_writer,assemble_frames,5,[{file,"/Users/apellizz/development/coniglio/deps/rabbit_common/src/rabbit_writer.erl"},{line,312}]},{rabbit_writer,internal_send_command_async,3,[{file,"/Users/apellizz/development/coniglio/deps/rabbit_common/src/rabbit_writer.erl"},{line,342}]},{rabbit_writer,handle_message,3,[{file,"/Users/apellizz/development/coniglio/deps/rabbit_common/src/rabbit_writer.erl"},{line,210}]},{rabbit_writer,mainloop1,2,[{file,"/Users/apellizz/development/coniglio/deps/rabbit_common/src/rabbit_writer.erl"},{line,194}]},{rabbit_writer,mainloop,2,[{file,"/Users/apellizz/development/coniglio/deps/rabbit_common/src/rabbit_writer.erl"},{line,185}]}]}
     Offender:   [{pid,<0.255.0>},{name,writer},{mfargs,{rabbit_writer,start_link,[#Port<0.6>,1,131072,rabbit_framing_amqp_0_9_1,<0.254.0>,{<<"client 127.0.0.1:58669 -> 127.0.0.1:5672">>,1}]}},{restart_type,transient},{shutdown,30000},{child_type,worker}]

2019-09-05 10:49:39 =SUPERVISOR REPORT====
     Supervisor: {<0.252.0>,amqp_channel_sup}
     Context:    shutdown
     Reason:     reached_max_restart_intensity
     Offender:   [{pid,<0.255.0>},{name,writer},{mfargs,{rabbit_writer,start_link,[#Port<0.6>,1,131072,rabbit_framing_amqp_0_9_1,<0.254.0>,{<<"client 127.0.0.1:58669 -> 127.0.0.1:5672">>,1}]}},{restart_type,transient},{shutdown,30000},{child_type,worker}]

2019-09-05 10:54:47 =ERROR REPORT====
** Generic server <0.256.0> terminating 
** Last message in was {basic_deliver,<<10,4,65,108,98,101>>,#{app_id => undefined,cluster_id => undefined,consumer_tag => <<"amq.ctag-iSGVWnB4CbJ1RGuTaLWlcQ">>,content_encoding => undefined,content_type => undefined,correlation_id => undefined,delivery_tag => 1,exchange => <<"hello">>,expiration => undefined,headers => undefined,message_id => undefined,persistent => false,priority => undefined,redelivered => true,reply_to => undefined,routing_key => <<"world">>,timestamp => undefined,type => undefined,user_id => undefined}}
** When Server state == #{'__struct__' => 'Elixir.RabbitClient',brokerUrl => <<"amqp://localhost:5672">>,channel => #{'__struct__' => 'Elixir.AMQP.Channel',conn => #{'__struct__' => 'Elixir.AMQP.Connection',pid => <0.243.0>},pid => <0.254.0>},connection => #{'__struct__' => 'Elixir.AMQP.Connection',pid => <0.243.0>},consumers => [[]|<<"amq.ctag-iSGVWnB4CbJ1RGuTaLWlcQ">>],timeout => 1000}
** Reason for termination ==
** {#{'__exception__' => true,'__struct__' => 'Elixir.Protocol.UndefinedError',description => <<>>,protocol => 'Elixir.String.Chars',value => #{'__struct__' => 'Elixir.Message',name => <<"Albe">>}},[{'Elixir.String.Chars','impl_for!',1,[{file,"lib/string/chars.ex"},{line,3}]},{'Elixir.String.Chars',to_string,1,[{file,"lib/string/chars.ex"},{line,22}]},{'Elixir.MessageProcessor',consume,4,[{file,"lib/rabbitmq/message_processor.ex"},{line,46}]},{'Elixir.MessageProcessor',handle_info,2,[{file,"lib/rabbitmq/message_processor.ex"},{line,33}]},{gen_server,try_dispatch,4,[{file,"gen_server.erl"},{line,637}]},{gen_server,handle_msg,6,[{file,"gen_server.erl"},{line,711}]},{proc_lib,init_p_do_apply,3,[{file,"proc_lib.erl"},{line,249}]}]}
2019-09-05 10:54:47 =CRASH REPORT====
  crasher:
    initial call: Elixir.MessageProcessor:init/1
    pid: <0.256.0>
    registered_name: []
    exception error: {#{'__exception__' => true,'__struct__' => 'Elixir.Protocol.UndefinedError',description => <<>>,protocol => 'Elixir.String.Chars',value => #{'__struct__' => 'Elixir.Message',name => <<"Albe">>}},[{'Elixir.String.Chars','impl_for!',1,[{file,"lib/string/chars.ex"},{line,3}]},{'Elixir.String.Chars',to_string,1,[{file,"lib/string/chars.ex"},{line,22}]},{'Elixir.MessageProcessor',consume,4,[{file,"lib/rabbitmq/message_processor.ex"},{line,46}]},{'Elixir.MessageProcessor',handle_info,2,[{file,"lib/rabbitmq/message_processor.ex"},{line,33}]},{gen_server,try_dispatch,4,[{file,"gen_server.erl"},{line,637}]},{gen_server,handle_msg,6,[{file,"gen_server.erl"},{line,711}]},{proc_lib,init_p_do_apply,3,[{file,"proc_lib.erl"},{line,249}]}]}
    ancestors: [<0.239.0>,<0.77.0>]
    message_queue_len: 7
    messages: [{basic_deliver,<<10,4,65,108,98,101>>,#{app_id => undefined,cluster_id => undefined,consumer_tag => <<"amq.ctag-iSGVWnB4CbJ1RGuTaLWlcQ">>,content_encoding => undefined,content_type => <<"application/vnd.google.protobuf">>,correlation_id => undefined,delivery_tag => 2,exchange => <<"hello">>,expiration => undefined,headers => undefined,message_id => undefined,persistent => false,priority => undefined,redelivered => true,reply_to => undefined,routing_key => <<"world">>,timestamp => undefined,type => undefined,user_id => undefined}},{basic_deliver,<<10,4,65,108,98,101>>,#{app_id => undefined,cluster_id => undefined,consumer_tag => <<"amq.ctag-iSGVWnB4CbJ1RGuTaLWlcQ">>,content_encoding => undefined,content_type => <<"application/vnd.google.protobuf">>,correlation_id => undefined,delivery_tag => 3,exchange => <<"hello">>,expiration => undefined,headers => undefined,message_id => undefined,persistent => false,priority => undefined,redelivered => true,reply_to => undefined,routing_key => <<"world">>,timestamp => undefined,type => undefined,user_id => undefined}},{basic_deliver,<<10,4,65,108,98,101>>,#{app_id => undefined,cluster_id => undefined,consumer_tag => <<"amq.ctag-iSGVWnB4CbJ1RGuTaLWlcQ">>,content_encoding => undefined,content_type => <<"application/vnd.google.protobuf">>,correlation_id => undefined,delivery_tag => 4,exchange => <<"hello">>,expiration => undefined,headers => [],message_id => undefined,persistent => false,priority => undefined,redelivered => true,reply_to => undefined,routing_key => <<"world">>,timestamp => undefined,type => undefined,user_id => undefined}},{basic_deliver,<<10,4,65,108,98,101>>,#{app_id => undefined,cluster_id => undefined,consumer_tag => <<"amq.ctag-iSGVWnB4CbJ1RGuTaLWlcQ">>,content_encoding => undefined,content_type => <<"application/vnd.google.protobuf">>,correlation_id => undefined,delivery_tag => 5,exchange => <<"hello">>,expiration => undefined,headers => [],message_id => undefined,persistent => true,priority => undefined,redelivered => true,reply_to => undefined,routing_key => <<"world">>,timestamp => undefined,type => undefined,user_id => undefined}},{basic_deliver,<<10,4,65,108,98,101>>,#{app_id => undefined,cluster_id => undefined,consumer_tag => <<"amq.ctag-iSGVWnB4CbJ1RGuTaLWlcQ">>,content_encoding => undefined,content_type => <<"application/vnd.google.protobuf">>,correlation_id => undefined,delivery_tag => 6,exchange => <<"hello">>,expiration => undefined,headers => [],message_id => undefined,persistent => true,priority => undefined,redelivered => true,reply_to => undefined,routing_key => <<"world">>,timestamp => undefined,type => undefined,user_id => undefined}},{basic_deliver,<<10,4,65,108,98,101>>,#{app_id => undefined,cluster_id => undefined,consumer_tag => <<"amq.ctag-iSGVWnB4CbJ1RGuTaLWlcQ">>,content_encoding => undefined,content_type => <<"application/vnd.google.protobuf">>,correlation_id => undefined,delivery_tag => 7,exchange => <<"hello">>,expiration => undefined,headers => [],message_id => undefined,persistent => true,priority => undefined,redelivered => true,reply_to => undefined,routing_key => <<"world">>,timestamp => 1567673579343,type => undefined,user_id => undefined}},{basic_deliver,<<10,4,65,108,98,101>>,#{app_id => undefined,cluster_id => undefined,consumer_tag => <<"amq.ctag-iSGVWnB4CbJ1RGuTaLWlcQ">>,content_encoding => undefined,content_type => <<"application/vnd.google.protobuf">>,correlation_id => undefined,delivery_tag => 8,exchange => <<"hello">>,expiration => undefined,headers => [],message_id => undefined,persistent => true,priority => undefined,redelivered => false,reply_to => undefined,routing_key => <<"world">>,timestamp => 1567673682117,type => undefined,user_id => undefined}}]
    links: [<0.239.0>]
    dictionary: [{gen_server_call_timeout,60000}]
    trap_exit: false
    status: running
    heap_size: 4185
    stack_size: 27
    reductions: 10748
  neighbours:
    neighbour: [{pid,<0.239.0>},{registered_name,[]},{initial_call,{'Elixir.IEx.Evaluator',init,['Argument__1','Argument__2','Argument__3','Argument__4']}},{current_function,{'Elixir.IEx.Evaluator',loop,1}},{ancestors,[<0.77.0>]},{message_queue_len,0},{links,[<0.256.0>]},{trap_exit,false},{status,waiting},{heap_size,1598},{stack_size,16},{reductions,3544},{current_stacktrace,[{'Elixir.IEx.Evaluator',loop,1,[{file,"lib/iex/evaluator.ex"},{line,100}]},{'Elixir.IEx.Evaluator',init,4,[{file,"lib/iex/evaluator.ex"},{line,27}]},{proc_lib,init_p_do_apply,3,[{file,"proc_lib.erl"},{line,249}]}]}]
